2023-07-04T11:28:59.672Z [boom] info: Express is listening at http://localhost:3000
2023-07-04T14:39:56.592Z [boom] info: Express is listening at http://localhost:3000
2023-07-04T14:39:56.619Z [boom] info: Connected to Swift DB on MongoDB cluster
2023-07-04T14:40:32.378Z [boom] info: Express is listening at http://localhost:3000
2023-07-04T14:40:32.388Z [boom] info: Connected to Sche DB on MongoDB cluster
2023-07-04T14:40:34.030Z [boom] info: Express is listening at http://localhost:3000
2023-07-04T14:40:34.038Z [boom] info: Connected to Scheduly DB on MongoDB cluster
2023-07-04T14:40:44.701Z [boom] info: Express is listening at http://localhost:3000
2023-07-04T14:40:44.710Z [boom] info: Connected to Scheduly DB on MongoDB 
2023-07-04T14:40:48.963Z [boom] info: Express is listening at http://localhost:3000
2023-07-04T14:40:48.971Z [boom] info: Connected to Scheduly DB on MongoDB local 
2023-07-04T14:40:52.154Z [boom] info: Express is listening at http://localhost:3000
2023-07-04T14:40:52.162Z [boom] info: Connected to Scheduly DB on MongoDB local server
2023-07-04T15:11:59.629Z [boom] info: Express is listening at http://localhost:3000
2023-07-04T15:11:59.641Z [boom] info: Connected to Scheduly DB on MongoDB local server
2023-07-04T15:24:46.174Z [boom] info: Express is listening at http://localhost:3000
2023-07-04T15:24:46.193Z [boom] info: Connected to Scheduly DB on MongoDB local server
2023-07-04T15:24:56.865Z [boom] info: Express is listening at http://localhost:3000
2023-07-04T15:24:56.873Z [boom] info: Connected to Scheduly DB on MongoDB local server
2023-07-04T15:24:58.921Z [boom] info: Express is listening at http://localhost:3000
2023-07-04T15:24:58.931Z [boom] info: Connected to Scheduly DB on MongoDB local server
2023-07-04T15:25:33.897Z [boom] info: Express is listening at http://localhost:3000
2023-07-04T15:25:33.907Z [boom] info: Connected to Scheduly DB on MongoDB local server
2023-07-06T13:04:55.332Z [boom] info: Express is listening at http://localhost:3000
2023-07-06T13:04:55.352Z [boom] info: Connected to Scheduly DB on MongoDB local server
2023-07-06T13:05:52.760Z [boom] info: Express is listening at http://localhost:3000
2023-07-06T13:05:52.776Z [boom] info: Connected to Scheduly DB on MongoDB local server
2023-07-06T13:07:14.178Z [boom] info: BOOM 🔥🔥
2023-07-06T13:11:13.697Z [boom] info: Express is listening at http://localhost:3000
2023-07-06T13:11:13.712Z [boom] info: Connected to Scheduly DB on MongoDB local server
2023-07-06T13:11:25.097Z [boom] info: Express is listening at http://localhost:3000
2023-07-06T13:11:25.108Z [boom] info: Connected to Scheduly DB on MongoDB local server
2023-07-06T13:11:55.445Z [boom] info: Express is listening at http://localhost:3000
2023-07-06T13:11:55.452Z [boom] info: Connected to Scheduly DB on MongoDB local server
2023-07-06T13:16:30.885Z [boom] info: Express is listening at http://localhost:3000
2023-07-06T13:16:30.893Z [boom] info: Connected to Scheduly DB on MongoDB local server
2023-07-06T13:27:45.045Z [boom] info: Express is listening at http://localhost:3000
2023-07-06T13:27:45.057Z [boom] info: Connected to Scheduly DB on MongoDB local server
2023-07-06T13:28:36.343Z [boom] info: Express is listening at http://localhost:3000
2023-07-06T13:28:36.352Z [boom] info: Connected to Scheduly DB on MongoDB local server
2023-07-06T13:29:29.889Z [boom] info: Express is listening at http://localhost:3000
2023-07-06T13:29:29.897Z [boom] info: Connected to Scheduly DB on MongoDB local server
2023-07-06T13:31:00.175Z [boom] info: Express is listening at http://localhost:3000
2023-07-06T13:31:00.182Z [boom] info: Connected to Scheduly DB on MongoDB local server
2023-07-06T13:31:12.441Z [boom] info: Express is listening at http://localhost:3000
2023-07-06T13:31:12.449Z [boom] info: Connected to Scheduly DB on MongoDB local server
2023-07-06T13:31:23.798Z [boom] info: Express is listening at http://localhost:3000
2023-07-06T13:31:23.806Z [boom] info: Connected to Scheduly DB on MongoDB local server
2023-07-06T13:31:38.390Z [boom] info: Express is listening at http://localhost:3000
2023-07-06T13:31:38.399Z [boom] info: Connected to Scheduly DB on MongoDB local server
2023-07-06T13:31:40.263Z [boom] info: Express is listening at http://localhost:3000
2023-07-06T13:31:40.271Z [boom] info: Connected to Scheduly DB on MongoDB local server
2023-07-06T13:31:43.340Z [boom] info: Express is listening at http://localhost:3000
2023-07-06T13:31:43.347Z [boom] info: Connected to Scheduly DB on MongoDB local server
2023-07-06T13:31:53.863Z [boom] info: Express is listening at http://localhost:3000
2023-07-06T13:31:53.874Z [boom] info: Connected to Scheduly DB on MongoDB local server
2023-07-06T13:40:53.638Z [boom] info: Express is listening at http://localhost:3000
2023-07-06T13:40:53.649Z [boom] info: Connected to Scheduly DB on MongoDB local server
2023-07-06T13:42:18.282Z [boom] info: Express is listening at http://localhost:3000
2023-07-06T13:42:18.294Z [boom] info: Connected to Scheduly DB on MongoDB local server
2023-07-06T13:42:21.856Z [boom] info: Express is listening at http://localhost:3000
2023-07-06T13:42:21.864Z [boom] info: Connected to Scheduly DB on MongoDB local server
2023-07-06T13:45:09.151Z [boom] info: Express is listening at http://localhost:3000
2023-07-06T13:45:09.161Z [boom] info: Connected to Scheduly DB on MongoDB local server
2023-07-06T13:45:46.072Z [boom] info: Express is listening at http://localhost:3000
2023-07-06T13:45:46.079Z [boom] info: Connected to Scheduly DB on MongoDB local server
2023-07-06T13:45:51.521Z [boom] info: Express is listening at http://localhost:3000
2023-07-06T13:45:51.530Z [boom] info: Connected to Scheduly DB on MongoDB local server
2023-07-06T13:45:54.147Z [boom] info: Express is listening at http://localhost:3000
2023-07-06T13:45:54.160Z [boom] info: Connected to Scheduly DB on MongoDB local server
