2023-07-04T11:28:59.672Z [boom] info: Express is listening at http://localhost:3000
2023-07-04T14:39:56.592Z [boom] info: Express is listening at http://localhost:3000
2023-07-04T14:39:56.619Z [boom] info: Connected to Swift DB on MongoDB cluster
2023-07-04T14:40:32.378Z [boom] info: Express is listening at http://localhost:3000
2023-07-04T14:40:32.388Z [boom] info: Connected to Sche DB on MongoDB cluster
2023-07-04T14:40:34.030Z [boom] info: Express is listening at http://localhost:3000
2023-07-04T14:40:34.038Z [boom] info: Connected to Scheduly DB on MongoDB cluster
2023-07-04T14:40:44.701Z [boom] info: Express is listening at http://localhost:3000
2023-07-04T14:40:44.710Z [boom] info: Connected to Scheduly DB on MongoDB 
2023-07-04T14:40:48.963Z [boom] info: Express is listening at http://localhost:3000
2023-07-04T14:40:48.971Z [boom] info: Connected to Scheduly DB on MongoDB local 
2023-07-04T14:40:52.154Z [boom] info: Express is listening at http://localhost:3000
2023-07-04T14:40:52.162Z [boom] info: Connected to Scheduly DB on MongoDB local server
2023-07-04T15:11:59.629Z [boom] info: Express is listening at http://localhost:3000
2023-07-04T15:11:59.641Z [boom] info: Connected to Scheduly DB on MongoDB local server
2023-07-04T15:24:46.174Z [boom] info: Express is listening at http://localhost:3000
2023-07-04T15:24:46.193Z [boom] info: Connected to Scheduly DB on MongoDB local server
2023-07-04T15:24:56.865Z [boom] info: Express is listening at http://localhost:3000
2023-07-04T15:24:56.873Z [boom] info: Connected to Scheduly DB on MongoDB local server
2023-07-04T15:24:58.921Z [boom] info: Express is listening at http://localhost:3000
2023-07-04T15:24:58.931Z [boom] info: Connected to Scheduly DB on MongoDB local server
2023-07-04T15:25:33.897Z [boom] info: Express is listening at http://localhost:3000
2023-07-04T15:25:33.907Z [boom] info: Connected to Scheduly DB on MongoDB local server
2023-07-06T13:04:55.332Z [boom] info: Express is listening at http://localhost:3000
2023-07-06T13:04:55.352Z [boom] info: Connected to Scheduly DB on MongoDB local server
2023-07-06T13:05:52.760Z [boom] info: Express is listening at http://localhost:3000
2023-07-06T13:05:52.776Z [boom] info: Connected to Scheduly DB on MongoDB local server
2023-07-06T13:07:14.178Z [boom] info: BOOM 🔥🔥
2023-07-06T13:11:13.697Z [boom] info: Express is listening at http://localhost:3000
2023-07-06T13:11:13.712Z [boom] info: Connected to Scheduly DB on MongoDB local server
2023-07-06T13:11:25.097Z [boom] info: Express is listening at http://localhost:3000
2023-07-06T13:11:25.108Z [boom] info: Connected to Scheduly DB on MongoDB local server
2023-07-06T13:11:55.445Z [boom] info: Express is listening at http://localhost:3000
2023-07-06T13:11:55.452Z [boom] info: Connected to Scheduly DB on MongoDB local server
2023-07-06T13:16:30.885Z [boom] info: Express is listening at http://localhost:3000
2023-07-06T13:16:30.893Z [boom] info: Connected to Scheduly DB on MongoDB local server
2023-07-06T13:27:45.045Z [boom] info: Express is listening at http://localhost:3000
2023-07-06T13:27:45.057Z [boom] info: Connected to Scheduly DB on MongoDB local server
2023-07-06T13:28:36.343Z [boom] info: Express is listening at http://localhost:3000
2023-07-06T13:28:36.352Z [boom] info: Connected to Scheduly DB on MongoDB local server
2023-07-06T13:29:29.889Z [boom] info: Express is listening at http://localhost:3000
2023-07-06T13:29:29.897Z [boom] info: Connected to Scheduly DB on MongoDB local server
2023-07-06T13:31:00.175Z [boom] info: Express is listening at http://localhost:3000
2023-07-06T13:31:00.182Z [boom] info: Connected to Scheduly DB on MongoDB local server
2023-07-06T13:31:12.441Z [boom] info: Express is listening at http://localhost:3000
2023-07-06T13:31:12.449Z [boom] info: Connected to Scheduly DB on MongoDB local server
2023-07-06T13:31:23.798Z [boom] info: Express is listening at http://localhost:3000
2023-07-06T13:31:23.806Z [boom] info: Connected to Scheduly DB on MongoDB local server
2023-07-06T13:31:38.390Z [boom] info: Express is listening at http://localhost:3000
2023-07-06T13:31:38.399Z [boom] info: Connected to Scheduly DB on MongoDB local server
2023-07-06T13:31:40.263Z [boom] info: Express is listening at http://localhost:3000
2023-07-06T13:31:40.271Z [boom] info: Connected to Scheduly DB on MongoDB local server
2023-07-06T13:31:43.340Z [boom] info: Express is listening at http://localhost:3000
2023-07-06T13:31:43.347Z [boom] info: Connected to Scheduly DB on MongoDB local server
2023-07-06T13:31:53.863Z [boom] info: Express is listening at http://localhost:3000
2023-07-06T13:31:53.874Z [boom] info: Connected to Scheduly DB on MongoDB local server
2023-07-06T13:40:53.638Z [boom] info: Express is listening at http://localhost:3000
2023-07-06T13:40:53.649Z [boom] info: Connected to Scheduly DB on MongoDB local server
2023-07-06T13:42:18.282Z [boom] info: Express is listening at http://localhost:3000
2023-07-06T13:42:18.294Z [boom] info: Connected to Scheduly DB on MongoDB local server
2023-07-06T13:42:21.856Z [boom] info: Express is listening at http://localhost:3000
2023-07-06T13:42:21.864Z [boom] info: Connected to Scheduly DB on MongoDB local server
2023-07-06T13:45:09.151Z [boom] info: Express is listening at http://localhost:3000
2023-07-06T13:45:09.161Z [boom] info: Connected to Scheduly DB on MongoDB local server
2023-07-06T13:45:46.072Z [boom] info: Express is listening at http://localhost:3000
2023-07-06T13:45:46.079Z [boom] info: Connected to Scheduly DB on MongoDB local server
2023-07-06T13:45:51.521Z [boom] info: Express is listening at http://localhost:3000
2023-07-06T13:45:51.530Z [boom] info: Connected to Scheduly DB on MongoDB local server
2023-07-06T13:45:54.147Z [boom] info: Express is listening at http://localhost:3000
2023-07-06T13:45:54.160Z [boom] info: Connected to Scheduly DB on MongoDB local server
2023-07-08T01:18:28.861Z [boom] info: Express is listening at http://localhost:3000
2023-07-08T01:18:28.910Z [boom] info: Connected to Scheduly DB on MongoDB local server
2023-07-08T01:19:58.690Z [boom] info: Express is listening at http://localhost:3000
2023-07-08T01:19:58.698Z [boom] info: Connected to Scheduly DB on MongoDB local server
2023-07-08T01:20:01.489Z [boom] info: Express is listening at http://localhost:3000
2023-07-08T01:20:01.499Z [boom] info: Connected to Scheduly DB on MongoDB local server
2023-07-08T01:20:37.457Z [boom] info: Express is listening at http://localhost:3000
2023-07-08T01:20:37.466Z [boom] info: Connected to Scheduly DB on MongoDB local server
2023-07-08T01:20:40.386Z [boom] info: Express is listening at http://localhost:3000
2023-07-08T01:20:40.396Z [boom] info: Connected to Scheduly DB on MongoDB local server
2023-07-08T01:22:15.995Z [boom] info: Express is listening at http://localhost:3000
2023-07-08T01:22:16.003Z [boom] info: Connected to Scheduly DB on MongoDB local server
2023-07-08T01:24:36.091Z [boom] info: Express is listening at http://localhost:3000
2023-07-08T01:24:36.099Z [boom] info: Connected to Scheduly DB on MongoDB local server
2023-07-08T01:24:40.119Z [boom] info: Express is listening at http://localhost:3000
2023-07-08T01:24:40.127Z [boom] info: Connected to Scheduly DB on MongoDB local server
2023-07-08T01:25:53.158Z [boom] info: Express is listening at http://localhost:3000
2023-07-08T01:25:53.166Z [boom] info: Connected to Scheduly DB on MongoDB local server
2023-07-08T01:25:58.709Z [boom] info: Express is listening at http://localhost:3000
2023-07-08T01:25:58.717Z [boom] info: Connected to Scheduly DB on MongoDB local server
2023-07-08T01:26:07.812Z [boom] info: Express is listening at http://localhost:3000
2023-07-08T01:26:07.821Z [boom] info: Connected to Scheduly DB on MongoDB local server
2023-07-08T01:26:12.444Z [boom] info: Express is listening at http://localhost:3000
2023-07-08T01:26:12.451Z [boom] info: Connected to Scheduly DB on MongoDB local server
2023-07-08T01:26:43.567Z [boom] info: Express is listening at http://localhost:3000
2023-07-08T01:26:43.575Z [boom] info: Connected to Scheduly DB on MongoDB local server
2023-07-08T01:26:46.226Z [boom] info: Express is listening at http://localhost:3000
2023-07-08T01:26:46.236Z [boom] info: Connected to Scheduly DB on MongoDB local server
2023-07-08T01:27:41.311Z [boom] info: Express is listening at http://localhost:3000
2023-07-08T01:27:41.319Z [boom] info: Connected to Scheduly DB on MongoDB local server
2023-07-08T01:27:44.352Z [boom] info: Express is listening at http://localhost:3000
2023-07-08T01:27:44.360Z [boom] info: Connected to Scheduly DB on MongoDB local server
2023-07-08T01:30:01.425Z [boom] info: Express is listening at http://localhost:3000
2023-07-08T01:30:01.433Z [boom] info: Connected to Scheduly DB on MongoDB local server
2023-07-08T01:30:12.280Z [boom] info: Express is listening at http://localhost:3000
2023-07-08T01:30:12.288Z [boom] info: Connected to Scheduly DB on MongoDB local server
2023-07-08T01:30:13.809Z [boom] info: Express is listening at http://localhost:3000
2023-07-08T01:30:13.816Z [boom] info: Connected to Scheduly DB on MongoDB local server
2023-07-08T01:31:37.099Z [boom] info: Express is listening at http://localhost:3000
2023-07-08T01:31:37.108Z [boom] info: Connected to Scheduly DB on MongoDB local server
2023-07-08T01:34:29.843Z [boom] info: Express is listening at http://localhost:3000
2023-07-08T01:34:29.851Z [boom] info: Connected to Scheduly DB on MongoDB local server
2023-07-08T01:37:26.949Z [boom] info: Express is listening at http://localhost:3000
2023-07-08T01:37:26.958Z [boom] info: Connected to Scheduly DB on MongoDB local server
2023-07-08T01:37:30.488Z [boom] info: Express is listening at http://localhost:3000
2023-07-08T01:37:30.499Z [boom] info: Connected to Scheduly DB on MongoDB local server
2023-07-08T01:37:46.522Z [boom] info: Express is listening at http://localhost:3000
2023-07-08T01:37:46.530Z [boom] info: Connected to Scheduly DB on MongoDB local server
2023-07-08T01:40:34.269Z [boom] info: Express is listening at http://localhost:3000
2023-07-08T01:40:34.280Z [boom] info: Connected to Scheduly DB on MongoDB local server
2023-07-08T02:12:51.697Z [boom] info: Express is listening at http://localhost:3000
2023-07-08T02:12:51.710Z [boom] info: Connected to Scheduly DB on MongoDB local server
2023-07-08T02:12:54.576Z [boom] info: Express is listening at http://localhost:3000
2023-07-08T02:12:54.584Z [boom] info: Connected to Scheduly DB on MongoDB local server
2023-07-08T02:12:56.891Z [boom] info: Express is listening at http://localhost:3000
2023-07-08T02:12:56.898Z [boom] info: Connected to Scheduly DB on MongoDB local server
2023-07-08T02:15:47.021Z [boom] info: Express is listening at http://localhost:3000
2023-07-08T02:15:47.037Z [boom] info: Connected to Scheduly DB on MongoDB local server
2023-07-08T02:20:11.882Z [boom] info: Express is listening at http://localhost:3000
2023-07-08T02:20:11.894Z [boom] info: Connected to Scheduly DB on MongoDB local server
2023-07-08T02:20:19.622Z [boom] info: Express is listening at http://localhost:3000
2023-07-08T02:20:19.630Z [boom] info: Connected to Scheduly DB on MongoDB local server
2023-07-08T02:20:26.408Z [boom] info: Express is listening at http://localhost:3000
2023-07-08T02:20:26.416Z [boom] info: Connected to Scheduly DB on MongoDB local server
2023-07-08T02:21:02.995Z [boom] info: Express is listening at http://localhost:3000
2023-07-08T02:21:03.003Z [boom] info: Connected to Scheduly DB on MongoDB local server
2023-07-08T02:21:09.852Z [boom] info: Express is listening at http://localhost:3000
2023-07-08T02:21:09.860Z [boom] info: Connected to Scheduly DB on MongoDB local server
2023-07-08T02:21:22.530Z [boom] info: Express is listening at http://localhost:3000
2023-07-08T02:21:22.539Z [boom] info: Connected to Scheduly DB on MongoDB local server
2023-07-08T02:21:27.106Z [boom] info: Express is listening at http://localhost:3000
2023-07-08T02:21:27.114Z [boom] info: Connected to Scheduly DB on MongoDB local server
2023-07-08T02:21:31.125Z [boom] info: Express is listening at http://localhost:3000
2023-07-08T02:21:31.135Z [boom] info: Connected to Scheduly DB on MongoDB local server
2023-07-08T02:21:32.685Z [boom] info: Express is listening at http://localhost:3000
2023-07-08T02:21:32.693Z [boom] info: Connected to Scheduly DB on MongoDB local server
2023-07-08T02:21:34.796Z [boom] info: Express is listening at http://localhost:3000
2023-07-08T02:21:34.804Z [boom] info: Connected to Scheduly DB on MongoDB local server
2023-07-08T02:21:39.401Z [boom] info: Express is listening at http://localhost:3000
2023-07-08T02:21:39.409Z [boom] info: Connected to Scheduly DB on MongoDB local server
2023-07-08T02:23:18.673Z [boom] info: Express is listening at http://localhost:3000
2023-07-08T02:23:18.682Z [boom] info: Connected to Scheduly DB on MongoDB local server
2023-07-08T02:23:50.891Z [boom] info: Express is listening at http://localhost:3000
2023-07-08T02:23:50.900Z [boom] info: Connected to Scheduly DB on MongoDB local server
2023-07-08T02:24:19.755Z [boom] info: Express is listening at http://localhost:3000
2023-07-08T02:24:19.763Z [boom] info: Connected to Scheduly DB on MongoDB local server
2023-07-08T02:24:21.421Z [boom] info: Express is listening at http://localhost:3000
2023-07-08T02:24:21.433Z [boom] info: Connected to Scheduly DB on MongoDB local server
2023-07-08T02:25:27.053Z [boom] info: Express is listening at http://localhost:3000
2023-07-08T02:25:27.061Z [boom] info: Connected to Scheduly DB on MongoDB local server
2023-07-08T02:33:37.161Z [boom] info: Express is listening at http://localhost:3000
2023-07-08T02:33:37.176Z [boom] info: Connected to Scheduly DB on MongoDB local server
2023-07-08T02:33:39.646Z [boom] info: Express is listening at http://localhost:3000
2023-07-08T02:33:39.654Z [boom] info: Connected to Scheduly DB on MongoDB local server
2023-07-08T02:34:19.329Z [boom] info: Express is listening at http://localhost:3000
2023-07-08T02:34:19.337Z [boom] info: Connected to Scheduly DB on MongoDB local server
2023-07-08T02:34:32.224Z [boom] info: Express is listening at http://localhost:3000
2023-07-08T02:34:32.232Z [boom] info: Connected to Scheduly DB on MongoDB local server
2023-07-08T02:34:34.916Z [boom] info: Express is listening at http://localhost:3000
2023-07-08T02:34:34.925Z [boom] info: Connected to Scheduly DB on MongoDB local server
2023-07-08T02:34:37.196Z [boom] info: Express is listening at http://localhost:3000
2023-07-08T02:34:37.204Z [boom] info: Connected to Scheduly DB on MongoDB local server
2023-07-08T02:36:14.014Z [boom] info: Express is listening at http://localhost:3000
2023-07-08T02:36:14.023Z [boom] info: Connected to Scheduly DB on MongoDB local server
2023-07-08T02:36:50.198Z [boom] info: Express is listening at http://localhost:3000
2023-07-08T02:36:50.206Z [boom] info: Connected to Scheduly DB on MongoDB local server
2023-07-08T02:37:12.820Z [boom] info: Express is listening at http://localhost:3000
2023-07-08T02:37:12.828Z [boom] info: Connected to Scheduly DB on MongoDB local server
2023-07-08T02:38:08.692Z [boom] info: Express is listening at http://localhost:3000
2023-07-08T02:38:08.701Z [boom] info: Connected to Scheduly DB on MongoDB local server
2023-07-08T02:38:13.870Z [boom] info: Express is listening at http://localhost:3000
2023-07-08T02:38:13.878Z [boom] info: Connected to Scheduly DB on MongoDB local server
2023-07-08T02:38:25.175Z [boom] info: Express is listening at http://localhost:3000
2023-07-08T02:38:25.183Z [boom] info: Connected to Scheduly DB on MongoDB local server
2023-07-08T02:38:44.010Z [boom] info: Express is listening at http://localhost:3000
2023-07-08T02:38:44.018Z [boom] info: Connected to Scheduly DB on MongoDB local server
2023-07-08T02:38:50.657Z [boom] info: Express is listening at http://localhost:3000
2023-07-08T02:38:50.666Z [boom] info: Connected to Scheduly DB on MongoDB local server
2023-07-08T02:39:13.529Z [boom] info: Express is listening at http://localhost:3000
2023-07-08T02:39:13.537Z [boom] info: Connected to Scheduly DB on MongoDB local server
2023-07-08T02:39:38.215Z [boom] info: Express is listening at http://localhost:3000
2023-07-08T02:39:38.223Z [boom] info: Connected to Scheduly DB on MongoDB local server
2023-07-08T02:40:08.169Z [boom] info: Express is listening at http://localhost:3000
2023-07-08T02:40:08.177Z [boom] info: Connected to Scheduly DB on MongoDB local server
2023-07-08T02:40:26.779Z [boom] info: Express is listening at http://localhost:3000
2023-07-08T02:40:26.787Z [boom] info: Connected to Scheduly DB on MongoDB local server
2023-07-08T03:02:20.680Z [boom] info: Express is listening at http://localhost:3000
2023-07-08T03:02:20.700Z [boom] info: Connected to Scheduly DB on MongoDB local server
2023-07-08T03:02:26.619Z [boom] info: Express is listening at http://localhost:3000
2023-07-08T03:02:26.627Z [boom] info: Connected to Scheduly DB on MongoDB local server
2023-07-08T03:06:02.092Z [boom] info: Express is listening at http://localhost:3000
2023-07-08T03:06:02.101Z [boom] info: Connected to Scheduly DB on MongoDB local server
2023-07-08T03:06:04.389Z [boom] info: Express is listening at http://localhost:3000
2023-07-08T03:06:04.397Z [boom] info: Connected to Scheduly DB on MongoDB local server
2023-07-08T03:06:14.798Z [boom] info: Express is listening at http://localhost:3000
2023-07-08T03:06:14.806Z [boom] info: Connected to Scheduly DB on MongoDB local server
2023-07-08T03:06:32.596Z [boom] info: Express is listening at http://localhost:3000
2023-07-08T03:06:32.604Z [boom] info: Connected to Scheduly DB on MongoDB local server
2023-07-08T03:06:42.587Z [boom] info: Express is listening at http://localhost:3000
2023-07-08T03:06:42.597Z [boom] info: Connected to Scheduly DB on MongoDB local server
2023-07-08T03:06:48.568Z [boom] info: Express is listening at http://localhost:3000
2023-07-08T03:06:48.577Z [boom] info: Connected to Scheduly DB on MongoDB local server
2023-07-08T03:07:25.075Z [boom] info: Express is listening at http://localhost:3000
2023-07-08T03:07:25.083Z [boom] info: Connected to Scheduly DB on MongoDB local server
2023-07-08T03:07:28.985Z [boom] info: Express is listening at http://localhost:3000
2023-07-08T03:07:28.992Z [boom] info: Connected to Scheduly DB on MongoDB local server
2023-07-08T03:07:36.373Z [boom] info: Express is listening at http://localhost:3000
2023-07-08T03:07:36.380Z [boom] info: Connected to Scheduly DB on MongoDB local server
2023-07-08T03:07:39.575Z [boom] info: Express is listening at http://localhost:3000
2023-07-08T03:07:39.584Z [boom] info: Connected to Scheduly DB on MongoDB local server
2023-07-08T03:07:42.630Z [boom] info: Express is listening at http://localhost:3000
2023-07-08T03:07:42.640Z [boom] info: Connected to Scheduly DB on MongoDB local server
2023-07-08T03:09:14.526Z [boom] info: Express is listening at http://localhost:3000
2023-07-08T03:09:14.535Z [boom] info: Connected to Scheduly DB on MongoDB local server
2023-07-08T03:09:19.924Z [boom] info: Express is listening at http://localhost:3000
2023-07-08T03:09:19.939Z [boom] info: Connected to Scheduly DB on MongoDB local server
2023-07-08T03:09:34.017Z [boom] info: Express is listening at http://localhost:3000
2023-07-08T03:09:34.025Z [boom] info: Connected to Scheduly DB on MongoDB local server
2023-07-08T03:09:42.757Z [boom] info: Express is listening at http://localhost:3000
2023-07-08T03:09:42.765Z [boom] info: Connected to Scheduly DB on MongoDB local server
2023-07-08T03:12:41.753Z [boom] info: Express is listening at http://localhost:3000
2023-07-08T03:12:41.761Z [boom] info: Connected to Scheduly DB on MongoDB local server
2023-07-08T03:17:52.856Z [boom] info: Express is listening at http://localhost:3000
2023-07-08T03:17:52.872Z [boom] info: Connected to Scheduly DB on MongoDB local server
2023-07-08T03:17:55.210Z [boom] info: Express is listening at http://localhost:3000
2023-07-08T03:17:55.218Z [boom] info: Connected to Scheduly DB on MongoDB local server
2023-07-08T03:18:29.655Z [boom] info: Express is listening at http://localhost:3000
2023-07-08T03:18:29.665Z [boom] info: Connected to Scheduly DB on MongoDB local server
2023-07-08T03:18:35.872Z [boom] info: Express is listening at http://localhost:3000
2023-07-08T03:18:35.880Z [boom] info: Connected to Scheduly DB on MongoDB local server
2023-07-08T03:18:44.397Z [boom] info: Express is listening at http://localhost:3000
2023-07-08T03:18:44.405Z [boom] info: Connected to Scheduly DB on MongoDB local server
2023-07-08T03:18:46.252Z [boom] info: Express is listening at http://localhost:3000
2023-07-08T03:18:46.259Z [boom] info: Connected to Scheduly DB on MongoDB local server
2023-07-08T03:19:06.977Z [boom] info: Express is listening at http://localhost:3000
2023-07-08T03:19:06.986Z [boom] info: Connected to Scheduly DB on MongoDB local server
2023-07-08T03:19:21.563Z [boom] info: Express is listening at http://localhost:3000
2023-07-08T03:19:21.572Z [boom] info: Connected to Scheduly DB on MongoDB local server
2023-07-08T03:19:57.398Z [boom] info: Express is listening at http://localhost:3000
2023-07-08T03:19:57.406Z [boom] info: Connected to Scheduly DB on MongoDB local server
2023-07-08T03:28:44.831Z [boom] info: Express is listening at http://localhost:3000
2023-07-08T03:28:44.900Z [boom] info: Connected to Scheduly DB on MongoDB local server
2023-07-08T03:28:49.017Z [boom] info: Express is listening at http://localhost:3000
2023-07-08T03:28:49.025Z [boom] info: Connected to Scheduly DB on MongoDB local server
2023-07-08T03:29:34.192Z [boom] info: Express is listening at http://localhost:3000
2023-07-08T03:29:34.201Z [boom] info: Connected to Scheduly DB on MongoDB local server
2023-07-08T03:29:43.180Z [boom] info: Express is listening at http://localhost:3000
2023-07-08T03:29:43.190Z [boom] info: Connected to Scheduly DB on MongoDB local server
2023-07-08T03:44:23.878Z [boom] info: Express is listening at http://localhost:3000
2023-07-08T03:44:23.908Z [boom] info: Connected to Scheduly DB on MongoDB local server
2023-07-08T03:44:34.272Z [boom] info: Express is listening at http://localhost:3000
2023-07-08T03:44:34.280Z [boom] info: Connected to Scheduly DB on MongoDB local server
2023-07-08T03:45:01.048Z [boom] info: Express is listening at http://localhost:3000
2023-07-08T03:45:01.057Z [boom] info: Connected to Scheduly DB on MongoDB local server
2023-07-08T03:46:30.796Z [boom] info: Express is listening at http://localhost:3000
2023-07-08T03:46:30.818Z [boom] info: Connected to Scheduly DB on MongoDB local server
2023-07-08T03:47:02.156Z [boom] info: Express is listening at http://localhost:3000
2023-07-08T03:47:02.165Z [boom] info: Connected to Scheduly DB on MongoDB local server
2023-07-08T03:47:04.881Z [boom] info: Express is listening at http://localhost:3000
2023-07-08T03:47:04.889Z [boom] info: Connected to Scheduly DB on MongoDB local server
2023-07-08T03:47:31.782Z [boom] info: Express is listening at http://localhost:3000
2023-07-08T03:47:31.791Z [boom] info: Connected to Scheduly DB on MongoDB local server
2023-07-08T03:47:49.578Z [boom] info: Express is listening at http://localhost:3000
2023-07-08T03:47:49.586Z [boom] info: Connected to Scheduly DB on MongoDB local server
2023-07-08T03:58:14.435Z [boom] info: Express is listening at http://localhost:3000
2023-07-08T03:58:14.457Z [boom] info: Connected to Scheduly DB on MongoDB local server
2023-07-08T04:04:47.627Z [boom] info: Express is listening at http://localhost:3000
2023-07-08T04:04:47.654Z [boom] info: Connected to Scheduly DB on MongoDB local server
2023-07-08T04:04:53.153Z [boom] info: Express is listening at http://localhost:3000
2023-07-08T04:04:53.161Z [boom] info: Connected to Scheduly DB on MongoDB local server
2023-07-08T04:08:51.855Z [boom] info: Express is listening at http://localhost:3000
2023-07-08T04:08:51.863Z [boom] info: Connected to Scheduly DB on MongoDB local server
2023-07-08T04:09:12.676Z [boom] info: Express is listening at http://localhost:3000
2023-07-08T04:09:12.683Z [boom] info: Connected to Scheduly DB on MongoDB local server
2023-07-08T04:09:17.357Z [boom] info: Express is listening at http://localhost:3000
2023-07-08T04:09:17.365Z [boom] info: Connected to Scheduly DB on MongoDB local server
2023-07-08T04:09:20.695Z [boom] info: Express is listening at http://localhost:3000
2023-07-08T04:09:20.703Z [boom] info: Connected to Scheduly DB on MongoDB local server
2023-07-08T04:09:22.599Z [boom] info: Express is listening at http://localhost:3000
2023-07-08T04:09:22.607Z [boom] info: Connected to Scheduly DB on MongoDB local server
2023-07-08T04:09:26.170Z [boom] info: Express is listening at http://localhost:3000
2023-07-08T04:09:26.178Z [boom] info: Connected to Scheduly DB on MongoDB local server
2023-07-08T04:09:30.299Z [boom] info: Express is listening at http://localhost:3000
2023-07-08T04:09:30.307Z [boom] info: Connected to Scheduly DB on MongoDB local server
2023-07-08T04:09:37.698Z [boom] info: Express is listening at http://localhost:3000
2023-07-08T04:09:37.707Z [boom] info: Connected to Scheduly DB on MongoDB local server
2023-07-08T04:09:41.127Z [boom] info: Express is listening at http://localhost:3000
2023-07-08T04:09:41.135Z [boom] info: Connected to Scheduly DB on MongoDB local server
2023-07-08T04:09:49.094Z [boom] info: Express is listening at http://localhost:3000
2023-07-08T04:09:49.101Z [boom] info: Connected to Scheduly DB on MongoDB local server
2023-07-08T04:10:03.215Z [boom] info: Express is listening at http://localhost:3000
2023-07-08T04:10:03.223Z [boom] info: Connected to Scheduly DB on MongoDB local server
2023-07-08T04:10:05.682Z [boom] info: Express is listening at http://localhost:3000
2023-07-08T04:10:05.690Z [boom] info: Connected to Scheduly DB on MongoDB local server
2023-07-08T04:10:07.491Z [boom] info: Express is listening at http://localhost:3000
2023-07-08T04:10:07.499Z [boom] info: Connected to Scheduly DB on MongoDB local server
2023-07-08T04:10:11.639Z [boom] info: Express is listening at http://localhost:3000
2023-07-08T04:10:11.646Z [boom] info: Connected to Scheduly DB on MongoDB local server
2023-07-08T04:10:17.136Z [boom] info: Express is listening at http://localhost:3000
2023-07-08T04:10:17.144Z [boom] info: Connected to Scheduly DB on MongoDB local server
2023-07-08T04:10:18.658Z [boom] info: Express is listening at http://localhost:3000
2023-07-08T04:10:18.666Z [boom] info: Connected to Scheduly DB on MongoDB local server
2023-07-08T04:11:25.980Z [boom] info: Express is listening at http://localhost:3000
2023-07-08T04:11:25.993Z [boom] info: Connected to Scheduly DB on MongoDB local server
2023-07-08T04:11:29.168Z [boom] info: Express is listening at http://localhost:3000
2023-07-08T04:11:29.175Z [boom] info: Connected to Scheduly DB on MongoDB local server
